<?xml version="1.0" encoding="UTF-8"?>
<!-- Generated by org.testng.reporters.JUnitReportReporter -->
<testsuite hostname="LAPTOP-6DHJKUJ7" failures="0" tests="1" name="testngAnnotations.TestNGAnnotations" time="1.719" errors="0" timestamp="2022-07-03T15:08:29 EDT" skipped="0">
  <testcase classname="testngAnnotations.TestNGAnnotations" name="login" time="1.719"/>
  <system-out/>
</testsuite> <!-- testngAnnotations.TestNGAnnotations -->
